2025-07-29 01:15:25 [main] INFO  base.BaseMethods - Element is present in the DOM. Key: announce_bar
2025-07-29 01:15:25 [main] INFO  base.BaseMethods - Element is present in the DOM. Key: slideBar_logo
2025-07-29 01:15:25 [main] INFO  base.BaseMethods - Element is present in the DOM. Key: dropdown_company
2025-07-29 01:15:25 [main] INFO  base.BaseMethods - Element visible key : dropdown_company
2025-07-29 01:15:25 [main] INFO  base.BaseMethods - Hover over the element succes key : dropdown_company
2025-07-29 01:15:25 [main] INFO  base.BaseMethods - Element is present in the DOM. Key: btn_careers_link
2025-07-29 01:15:25 [main] INFO  base.BaseMethods - Element visible key : btn_careers_link
2025-07-29 01:15:25 [main] INFO  base.BaseMethods - Element clickable key : btn_careers_link
2025-07-29 01:15:27 [main] INFO  base.BaseMethods - Element is present in the DOM. Key: conteiner_locetion
2025-07-29 01:15:27 [main] INFO  base.BaseMethods - Element visible key : conteiner_locetion
2025-07-29 01:15:27 [main] INFO  base.BaseMethods - Element is present in the DOM. Key: conteiner_teams
2025-07-29 01:15:27 [main] INFO  base.BaseMethods - Element visible key : conteiner_teams
2025-07-29 01:15:27 [main] INFO  base.BaseMethods - Element is present in the DOM. Key: swiper_lifeAtInsider
2025-07-29 01:15:27 [main] INFO  base.BaseMethods - Element visible key : swiper_lifeAtInsider
2025-07-29 01:15:27 [main] INFO  base.BaseMethods - Element is present in the DOM. Key: btn_see_all_teams
2025-07-29 01:15:27 [main] INFO  base.BaseMethods - Element visible key : btn_see_all_teams
2025-07-29 01:15:27 [main] INFO  base.BaseMethods - Element clickable key : btn_see_all_teams
2025-07-29 01:15:27 [main] INFO  base.BaseMethods - Scrolls to the element succes key : btn_see_all_teams
2025-07-29 01:16:18 [main] INFO  base.BaseMethods - Element is present in the DOM. Key: announce_bar
2025-07-29 01:16:18 [main] INFO  base.BaseMethods - Element is present in the DOM. Key: slideBar_logo
2025-07-29 01:16:18 [main] INFO  base.BaseMethods - Element is present in the DOM. Key: dropdown_company
2025-07-29 01:16:18 [main] INFO  base.BaseMethods - Element visible key : dropdown_company
2025-07-29 01:16:18 [main] INFO  base.BaseMethods - Hover over the element succes key : dropdown_company
2025-07-29 01:16:18 [main] INFO  base.BaseMethods - Element is present in the DOM. Key: btn_careers_link
2025-07-29 01:16:18 [main] INFO  base.BaseMethods - Element visible key : btn_careers_link
2025-07-29 01:16:18 [main] INFO  base.BaseMethods - Element clickable key : btn_careers_link
2025-07-29 01:16:19 [main] INFO  base.BaseMethods - Element is present in the DOM. Key: conteiner_locetion
2025-07-29 01:16:19 [main] INFO  base.BaseMethods - Element visible key : conteiner_locetion
2025-07-29 01:16:19 [main] INFO  base.BaseMethods - Element is present in the DOM. Key: conteiner_teams
2025-07-29 01:16:19 [main] INFO  base.BaseMethods - Element visible key : conteiner_teams
2025-07-29 01:16:19 [main] INFO  base.BaseMethods - Element is present in the DOM. Key: swiper_lifeAtInsider
2025-07-29 01:16:19 [main] INFO  base.BaseMethods - Element visible key : swiper_lifeAtInsider
2025-07-29 01:17:48 [main] INFO  base.BaseMethods - Element is present in the DOM. Key: btn_see_all_teams
2025-07-29 01:17:49 [main] INFO  base.BaseMethods - Element visible key : btn_see_all_teams
2025-07-29 01:17:50 [main] INFO  base.BaseMethods - Element clickable key : btn_see_all_teams
2025-07-29 01:17:51 [main] INFO  base.BaseMethods - Scrolls to the element succes key : btn_see_all_teams
2025-07-29 01:19:17 [main] INFO  base.BaseMethods - Element is present in the DOM. Key: btn_see_all_teams
2025-07-29 01:22:32 [main] INFO  base.BaseMethods - Element is present in the DOM. Key: btn_accept_all_cookie
2025-07-29 01:22:33 [main] INFO  base.BaseMethods - Element visible key : btn_accept_all_cookie
2025-07-29 01:22:33 [main] INFO  base.BaseMethods - Element clickable key : btn_accept_all_cookie
2025-07-29 01:22:33 [main] INFO  base.BaseMethods - Element is present in the DOM. Key: announce_bar
2025-07-29 01:22:33 [main] INFO  base.BaseMethods - Element is present in the DOM. Key: slideBar_logo
2025-07-29 01:22:33 [main] INFO  base.BaseMethods - Element is present in the DOM. Key: dropdown_company
2025-07-29 01:22:33 [main] INFO  base.BaseMethods - Element visible key : dropdown_company
2025-07-29 01:22:33 [main] INFO  base.BaseMethods - Hover over the element succes key : dropdown_company
2025-07-29 01:22:33 [main] INFO  base.BaseMethods - Element is present in the DOM. Key: btn_careers_link
2025-07-29 01:22:33 [main] INFO  base.BaseMethods - Element visible key : btn_careers_link
2025-07-29 01:22:33 [main] INFO  base.BaseMethods - Element clickable key : btn_careers_link
2025-07-29 01:22:34 [main] INFO  base.BaseMethods - Element is present in the DOM. Key: conteiner_locetion
2025-07-29 01:22:34 [main] INFO  base.BaseMethods - Element visible key : conteiner_locetion
2025-07-29 01:22:35 [main] INFO  base.BaseMethods - Element is present in the DOM. Key: conteiner_teams
2025-07-29 01:22:35 [main] INFO  base.BaseMethods - Element visible key : conteiner_teams
2025-07-29 01:22:35 [main] INFO  base.BaseMethods - Element is present in the DOM. Key: swiper_lifeAtInsider
2025-07-29 01:22:35 [main] INFO  base.BaseMethods - Element visible key : swiper_lifeAtInsider
2025-07-29 01:22:48 [main] INFO  base.BaseMethods - Element is present in the DOM. Key: btn_see_all_teams
2025-07-29 01:22:48 [main] INFO  base.BaseMethods - Element visible key : btn_see_all_teams
2025-07-29 01:22:48 [main] INFO  base.BaseMethods - Element clickable key : btn_see_all_teams
2025-07-29 01:22:48 [main] INFO  base.BaseMethods - Scrolls to the element succes key : btn_see_all_teams
2025-07-29 01:23:22 [main] INFO  base.BaseMethods - Element is present in the DOM. Key: btn_accept_all_cookie
2025-07-29 01:23:22 [main] INFO  base.BaseMethods - Element visible key : btn_accept_all_cookie
2025-07-29 01:23:22 [main] INFO  base.BaseMethods - Element clickable key : btn_accept_all_cookie
2025-07-29 01:23:23 [main] INFO  base.BaseMethods - Element is present in the DOM. Key: announce_bar
2025-07-29 01:23:23 [main] INFO  base.BaseMethods - Element is present in the DOM. Key: slideBar_logo
2025-07-29 01:23:23 [main] INFO  base.BaseMethods - Element is present in the DOM. Key: dropdown_company
2025-07-29 01:23:23 [main] INFO  base.BaseMethods - Element visible key : dropdown_company
2025-07-29 01:23:23 [main] INFO  base.BaseMethods - Hover over the element succes key : dropdown_company
2025-07-29 01:23:23 [main] INFO  base.BaseMethods - Element is present in the DOM. Key: btn_careers_link
2025-07-29 01:23:23 [main] INFO  base.BaseMethods - Element visible key : btn_careers_link
2025-07-29 01:23:23 [main] INFO  base.BaseMethods - Element clickable key : btn_careers_link
2025-07-29 01:23:24 [main] INFO  base.BaseMethods - Element is present in the DOM. Key: conteiner_locetion
2025-07-29 01:23:24 [main] INFO  base.BaseMethods - Element visible key : conteiner_locetion
2025-07-29 01:23:24 [main] INFO  base.BaseMethods - Element is present in the DOM. Key: conteiner_teams
2025-07-29 01:23:24 [main] INFO  base.BaseMethods - Element visible key : conteiner_teams
2025-07-29 01:23:24 [main] INFO  base.BaseMethods - Element is present in the DOM. Key: swiper_lifeAtInsider
2025-07-29 01:23:24 [main] INFO  base.BaseMethods - Element visible key : swiper_lifeAtInsider
2025-07-29 01:23:34 [main] INFO  base.BaseMethods - Element is present in the DOM. Key: btn_see_all_teams
2025-07-29 01:23:35 [main] INFO  base.BaseMethods - Element visible key : btn_see_all_teams
2025-07-29 01:23:36 [main] INFO  base.BaseMethods - Element clickable key : btn_see_all_teams
2025-07-29 01:23:37 [main] INFO  base.BaseMethods - Scrolls to the element succes key : btn_see_all_teams
2025-07-29 01:26:35 [main] INFO  base.BaseMethods - Element is present in the DOM. Key: btn_see_all_teams
2025-07-29 01:26:35 [main] INFO  base.BaseMethods - Element visible key : btn_see_all_teams
2025-07-29 01:27:18 [main] INFO  base.BaseMethods - Element is present in the DOM. Key: btn_accept_all_cookie
2025-07-29 01:27:18 [main] INFO  base.BaseMethods - Element visible key : btn_accept_all_cookie
2025-07-29 01:27:18 [main] INFO  base.BaseMethods - Element clickable key : btn_accept_all_cookie
2025-07-29 01:27:19 [main] INFO  base.BaseMethods - Element is present in the DOM. Key: announce_bar
2025-07-29 01:27:19 [main] INFO  base.BaseMethods - Element is present in the DOM. Key: slideBar_logo
2025-07-29 01:27:19 [main] INFO  base.BaseMethods - Element is present in the DOM. Key: dropdown_company
2025-07-29 01:27:19 [main] INFO  base.BaseMethods - Element visible key : dropdown_company
2025-07-29 01:27:19 [main] INFO  base.BaseMethods - Hover over the element succes key : dropdown_company
2025-07-29 01:27:19 [main] INFO  base.BaseMethods - Element is present in the DOM. Key: btn_careers_link
2025-07-29 01:27:19 [main] INFO  base.BaseMethods - Element visible key : btn_careers_link
2025-07-29 01:27:19 [main] INFO  base.BaseMethods - Element clickable key : btn_careers_link
2025-07-29 01:27:20 [main] INFO  base.BaseMethods - Element is present in the DOM. Key: conteiner_locetion
2025-07-29 01:27:20 [main] INFO  base.BaseMethods - Element visible key : conteiner_locetion
2025-07-29 01:27:21 [main] INFO  base.BaseMethods - Element is present in the DOM. Key: conteiner_teams
2025-07-29 01:27:21 [main] INFO  base.BaseMethods - Element visible key : conteiner_teams
2025-07-29 01:27:21 [main] INFO  base.BaseMethods - Element is present in the DOM. Key: swiper_lifeAtInsider
2025-07-29 01:27:21 [main] INFO  base.BaseMethods - Element visible key : swiper_lifeAtInsider
2025-07-29 01:27:21 [main] INFO  base.BaseMethods - Element is present in the DOM. Key: btn_see_all_teams
2025-07-29 01:27:21 [main] INFO  base.BaseMethods - Element visible key : btn_see_all_teams
2025-07-29 01:27:21 [main] INFO  base.BaseMethods - Element clickable key : btn_see_all_teams
2025-07-29 01:27:21 [main] INFO  base.BaseMethods - Scrolls to the element success key : btn_see_all_teams
2025-07-29 01:27:47 [main] INFO  base.BaseMethods - Element is present in the DOM. Key: btn_accept_all_cookie
2025-07-29 01:27:47 [main] INFO  base.BaseMethods - Element visible key : btn_accept_all_cookie
2025-07-29 01:27:47 [main] INFO  base.BaseMethods - Element clickable key : btn_accept_all_cookie
2025-07-29 01:27:47 [main] INFO  base.BaseMethods - Element is present in the DOM. Key: announce_bar
2025-07-29 01:27:47 [main] INFO  base.BaseMethods - Element is present in the DOM. Key: slideBar_logo
2025-07-29 01:27:47 [main] INFO  base.BaseMethods - Element is present in the DOM. Key: dropdown_company
2025-07-29 01:27:47 [main] INFO  base.BaseMethods - Element visible key : dropdown_company
2025-07-29 01:27:47 [main] INFO  base.BaseMethods - Hover over the element succes key : dropdown_company
2025-07-29 01:27:47 [main] INFO  base.BaseMethods - Element is present in the DOM. Key: btn_careers_link
2025-07-29 01:27:47 [main] INFO  base.BaseMethods - Element visible key : btn_careers_link
2025-07-29 01:27:47 [main] INFO  base.BaseMethods - Element clickable key : btn_careers_link
2025-07-29 01:27:48 [main] INFO  base.BaseMethods - Element is present in the DOM. Key: conteiner_locetion
2025-07-29 01:27:48 [main] INFO  base.BaseMethods - Element visible key : conteiner_locetion
2025-07-29 01:27:48 [main] INFO  base.BaseMethods - Element is present in the DOM. Key: conteiner_teams
2025-07-29 01:27:48 [main] INFO  base.BaseMethods - Element visible key : conteiner_teams
2025-07-29 01:27:48 [main] INFO  base.BaseMethods - Element is present in the DOM. Key: swiper_lifeAtInsider
2025-07-29 01:27:49 [main] INFO  base.BaseMethods - Element visible key : swiper_lifeAtInsider
2025-07-29 01:28:03 [main] INFO  base.BaseMethods - Element is present in the DOM. Key: btn_see_all_teams
2025-07-29 01:28:04 [main] INFO  base.BaseMethods - Element visible key : btn_see_all_teams
2025-07-29 01:28:05 [main] INFO  base.BaseMethods - Element clickable key : btn_see_all_teams
2025-07-29 01:28:06 [main] INFO  base.BaseMethods - Scrolls to the element success key : btn_see_all_teams
2025-07-29 01:28:18 [main] INFO  base.BaseMethods - Element is present in the DOM. Key: btn_see_all_teams
2025-07-29 01:28:19 [main] INFO  base.BaseMethods - Element visible key : btn_see_all_teams
2025-07-29 01:28:20 [main] INFO  base.BaseMethods - Element clickable key : btn_see_all_teams
2025-07-29 01:28:21 [main] INFO  base.BaseMethods - Scrolls to the element success key : btn_see_all_teams
2025-07-29 01:28:40 [main] INFO  base.BaseMethods - Element is present in the DOM. Key: btn_see_all_teams
2025-07-29 01:28:41 [main] INFO  base.BaseMethods - Element visible key : btn_see_all_teams
2025-07-29 01:28:42 [main] INFO  base.BaseMethods - Element clickable key : btn_see_all_teams
2025-07-29 01:28:43 [main] INFO  base.BaseMethods - Scrolls to the element success key : btn_see_all_teams
2025-07-29 01:29:33 [main] INFO  base.BaseMethods - Element is present in the DOM. Key: btn_team_quality_assurance
2025-07-29 01:29:34 [main] INFO  base.BaseMethods - Element visible key : btn_team_quality_assurance
2025-07-29 01:29:35 [main] INFO  base.BaseMethods - Element clickable key : btn_team_quality_assurance
2025-07-29 01:29:36 [main] INFO  base.BaseMethods - Scrolls to the element success key : btn_team_quality_assurance
2025-07-29 01:31:26 [main] INFO  base.BaseMethods - Element is present in the DOM. Key: btn_accept_all_cookie
2025-07-29 01:31:26 [main] INFO  base.BaseMethods - Element visible key : btn_accept_all_cookie
2025-07-29 01:31:26 [main] INFO  base.BaseMethods - Element clickable key : btn_accept_all_cookie
2025-07-29 01:31:26 [main] INFO  base.BaseMethods - Element is present in the DOM. Key: announce_bar
2025-07-29 01:31:26 [main] INFO  base.BaseMethods - Element is present in the DOM. Key: slideBar_logo
2025-07-29 01:31:26 [main] INFO  base.BaseMethods - Element is present in the DOM. Key: dropdown_company
2025-07-29 01:31:26 [main] INFO  base.BaseMethods - Element visible key : dropdown_company
2025-07-29 01:31:26 [main] INFO  base.BaseMethods - Hover over the element succes key : dropdown_company
2025-07-29 01:31:26 [main] INFO  base.BaseMethods - Element is present in the DOM. Key: btn_careers_link
2025-07-29 01:31:26 [main] INFO  base.BaseMethods - Element visible key : btn_careers_link
2025-07-29 01:31:26 [main] INFO  base.BaseMethods - Element clickable key : btn_careers_link
2025-07-29 01:31:27 [main] INFO  base.BaseMethods - Element is present in the DOM. Key: conteiner_locetion
2025-07-29 01:31:27 [main] INFO  base.BaseMethods - Element visible key : conteiner_locetion
2025-07-29 01:31:27 [main] INFO  base.BaseMethods - Element is present in the DOM. Key: conteiner_teams
2025-07-29 01:31:27 [main] INFO  base.BaseMethods - Element visible key : conteiner_teams
2025-07-29 01:31:27 [main] INFO  base.BaseMethods - Element is present in the DOM. Key: swiper_lifeAtInsider
2025-07-29 01:31:27 [main] INFO  base.BaseMethods - Element visible key : swiper_lifeAtInsider
2025-07-29 01:31:49 [main] INFO  base.BaseMethods - Element is present in the DOM. Key: btn_see_all_teams
2025-07-29 01:31:50 [main] INFO  base.BaseMethods - Scrolls to the element success key : btn_see_all_teams
2025-07-29 01:31:51 [main] INFO  base.BaseMethods - Element visible key : btn_see_all_teams
2025-07-29 01:31:52 [main] INFO  base.BaseMethods - Element clickable key : btn_see_all_teams
2025-07-29 01:32:01 [main] INFO  base.BaseMethods - Element is present in the DOM. Key: btn_see_all_teams
2025-07-29 01:32:02 [main] INFO  base.BaseMethods - Scrolls to the element success key : btn_see_all_teams
2025-07-29 01:32:03 [main] INFO  base.BaseMethods - Element visible key : btn_see_all_teams
2025-07-29 01:32:04 [main] INFO  base.BaseMethods - Element clickable key : btn_see_all_teams
2025-07-29 01:32:16 [main] INFO  base.BaseMethods - Element is present in the DOM. Key: btn_see_all_teams
2025-07-29 01:32:28 [main] INFO  base.BaseMethods - Element is present in the DOM. Key: btn_accept_all_cookie
2025-07-29 01:32:28 [main] INFO  base.BaseMethods - Element visible key : btn_accept_all_cookie
2025-07-29 01:32:28 [main] INFO  base.BaseMethods - Element clickable key : btn_accept_all_cookie
2025-07-29 01:32:29 [main] INFO  base.BaseMethods - Element is present in the DOM. Key: announce_bar
2025-07-29 01:32:29 [main] INFO  base.BaseMethods - Element is present in the DOM. Key: slideBar_logo
2025-07-29 01:32:29 [main] INFO  base.BaseMethods - Element is present in the DOM. Key: dropdown_company
2025-07-29 01:32:29 [main] INFO  base.BaseMethods - Element visible key : dropdown_company
2025-07-29 01:32:29 [main] INFO  base.BaseMethods - Hover over the element succes key : dropdown_company
2025-07-29 01:32:29 [main] INFO  base.BaseMethods - Element is present in the DOM. Key: btn_careers_link
2025-07-29 01:32:29 [main] INFO  base.BaseMethods - Element visible key : btn_careers_link
2025-07-29 01:32:29 [main] INFO  base.BaseMethods - Element clickable key : btn_careers_link
2025-07-29 01:32:30 [main] INFO  base.BaseMethods - Element is present in the DOM. Key: conteiner_locetion
2025-07-29 01:32:30 [main] INFO  base.BaseMethods - Element visible key : conteiner_locetion
2025-07-29 01:32:30 [main] INFO  base.BaseMethods - Element is present in the DOM. Key: conteiner_teams
2025-07-29 01:32:30 [main] INFO  base.BaseMethods - Element visible key : conteiner_teams
2025-07-29 01:32:30 [main] INFO  base.BaseMethods - Element is present in the DOM. Key: swiper_lifeAtInsider
2025-07-29 01:32:30 [main] INFO  base.BaseMethods - Element visible key : swiper_lifeAtInsider
2025-07-29 01:32:30 [main] INFO  base.BaseMethods - Element is present in the DOM. Key: btn_see_all_teams
2025-07-29 01:32:30 [main] INFO  base.BaseMethods - Scrolls to the element success key : btn_see_all_teams
2025-07-29 01:32:30 [main] INFO  base.BaseMethods - Element visible key : btn_see_all_teams
2025-07-29 01:32:30 [main] INFO  base.BaseMethods - Element clickable key : btn_see_all_teams
2025-07-29 02:17:25 [main] INFO  base.BaseMethods - Element is present in the DOM. Key: btn_accept_all_cookie
2025-07-29 02:17:26 [main] INFO  base.BaseMethods - Scrolls to the element with animation success key : btn_accept_all_cookie
2025-07-29 02:17:27 [main] INFO  base.BaseMethods - Element visible key : btn_accept_all_cookie
2025-07-29 02:17:27 [main] INFO  base.BaseMethods - Element clickable key : btn_accept_all_cookie
2025-07-29 02:17:27 [main] INFO  base.BaseMethods - Click performed successfully on attempt: 1
2025-07-29 02:17:27 [main] INFO  base.BaseMethods - Element is present in the DOM. Key: announce_bar
2025-07-29 02:17:27 [main] INFO  base.BaseMethods - Element is present in the DOM. Key: slideBar_logo
2025-07-29 02:17:27 [main] INFO  base.BaseMethods - Element is present in the DOM. Key: dropdown_company
2025-07-29 02:17:27 [main] INFO  base.BaseMethods - Element visible key : dropdown_company
2025-07-29 02:17:27 [main] INFO  base.BaseMethods - Hover over the element succes key : dropdown_company
2025-07-29 02:17:27 [main] INFO  base.BaseMethods - Element is present in the DOM. Key: btn_careers_link
2025-07-29 02:17:28 [main] INFO  base.BaseMethods - Scrolls to the element with animation success key : btn_careers_link
2025-07-29 02:17:28 [main] INFO  base.BaseMethods - Element visible key : btn_careers_link
2025-07-29 02:17:28 [main] INFO  base.BaseMethods - Element clickable key : btn_careers_link
2025-07-29 02:17:30 [main] INFO  base.BaseMethods - Click performed successfully on attempt: 1
2025-07-29 02:17:30 [main] INFO  base.BaseMethods - Element is present in the DOM. Key: conteiner_locetion
2025-07-29 02:17:30 [main] INFO  base.BaseMethods - Element visible key : conteiner_locetion
2025-07-29 02:17:30 [main] INFO  base.BaseMethods - Element is present in the DOM. Key: conteiner_teams
2025-07-29 02:17:30 [main] INFO  base.BaseMethods - Element visible key : conteiner_teams
2025-07-29 02:17:30 [main] INFO  base.BaseMethods - Element is present in the DOM. Key: swiper_lifeAtInsider
2025-07-29 02:17:30 [main] INFO  base.BaseMethods - Element visible key : swiper_lifeAtInsider
2025-07-29 02:19:03 [main] INFO  base.BaseMethods - Element is present in the DOM. Key: btn_accept_all_cookie
2025-07-29 02:19:04 [main] INFO  base.BaseMethods - Scrolls to the element with animation success key : btn_accept_all_cookie
2025-07-29 02:19:05 [main] INFO  base.BaseMethods - Element visible key : btn_accept_all_cookie
2025-07-29 02:19:05 [main] INFO  base.BaseMethods - Element clickable key : btn_accept_all_cookie
2025-07-29 02:19:05 [main] INFO  base.BaseMethods - Click performed successfully on attempt: 1
2025-07-29 02:19:05 [main] INFO  base.BaseMethods - Element is present in the DOM. Key: announce_bar
2025-07-29 02:19:05 [main] INFO  base.BaseMethods - Element is present in the DOM. Key: slideBar_logo
2025-07-29 02:19:05 [main] INFO  base.BaseMethods - Element is present in the DOM. Key: dropdown_company
2025-07-29 02:19:05 [main] INFO  base.BaseMethods - Element visible key : dropdown_company
2025-07-29 02:19:05 [main] INFO  base.BaseMethods - Hover over the element succes key : dropdown_company
2025-07-29 02:19:05 [main] INFO  base.BaseMethods - Element is present in the DOM. Key: btn_careers_link
2025-07-29 02:19:06 [main] INFO  base.BaseMethods - Scrolls to the element with animation success key : btn_careers_link
2025-07-29 02:19:07 [main] INFO  base.BaseMethods - Element visible key : btn_careers_link
2025-07-29 02:19:07 [main] INFO  base.BaseMethods - Element clickable key : btn_careers_link
2025-07-29 02:19:08 [main] INFO  base.BaseMethods - Click performed successfully on attempt: 1
2025-07-29 02:19:08 [main] INFO  base.BaseMethods - Element is present in the DOM. Key: conteiner_locetion
2025-07-29 02:19:08 [main] INFO  base.BaseMethods - Element visible key : conteiner_locetion
2025-07-29 02:19:08 [main] INFO  base.BaseMethods - Element is present in the DOM. Key: conteiner_teams
2025-07-29 02:19:08 [main] INFO  base.BaseMethods - Element visible key : conteiner_teams
2025-07-29 02:19:08 [main] INFO  base.BaseMethods - Element is present in the DOM. Key: swiper_lifeAtInsider
2025-07-29 02:19:08 [main] INFO  base.BaseMethods - Element visible key : swiper_lifeAtInsider
2025-07-29 02:19:08 [main] INFO  base.BaseMethods - Element is present in the DOM. Key: btn_see_all_teams
2025-07-29 02:19:11 [main] INFO  base.BaseMethods - Scrolls to the element with animation success key : btn_see_all_teams
2025-07-29 02:19:11 [main] INFO  base.BaseMethods - Element visible key : btn_see_all_teams
2025-07-29 02:19:11 [main] INFO  base.BaseMethods - Element clickable key : btn_see_all_teams
2025-07-29 02:19:12 [main] INFO  base.BaseMethods - Click performed successfully on attempt: 1
2025-07-29 02:19:12 [main] INFO  base.BaseMethods - Element is present in the DOM. Key: btn_team_quality_assurance
2025-07-29 02:19:15 [main] INFO  base.BaseMethods - Scrolls to the element with animation success key : btn_team_quality_assurance
2025-07-29 02:19:15 [main] INFO  base.BaseMethods - Element visible key : btn_team_quality_assurance
2025-07-29 02:19:15 [main] INFO  base.BaseMethods - Element clickable key : btn_team_quality_assurance
2025-07-29 02:19:16 [main] INFO  base.BaseMethods - Click performed successfully on attempt: 1
2025-07-29 02:32:49 [main] INFO  base.BaseMethods - Element is present in the DOM. Key: btn_accept_all_cookie
2025-07-29 02:32:50 [main] INFO  base.BaseMethods - Scrolls to the element with animation success key : btn_accept_all_cookie
2025-07-29 02:32:50 [main] INFO  base.BaseMethods - Element visible key : btn_accept_all_cookie
2025-07-29 02:32:50 [main] INFO  base.BaseMethods - Element clickable key : btn_accept_all_cookie
2025-07-29 02:32:51 [main] INFO  base.BaseMethods - Click performed successfully on attempt: 1
2025-07-29 02:32:51 [main] INFO  base.BaseMethods - Element is present in the DOM. Key: announce_bar
2025-07-29 02:32:51 [main] INFO  base.BaseMethods - Element is present in the DOM. Key: slideBar_logo
2025-07-29 02:32:51 [main] INFO  base.BaseMethods - Element is present in the DOM. Key: dropdown_company
2025-07-29 02:32:51 [main] INFO  base.BaseMethods - Element visible key : dropdown_company
2025-07-29 02:32:51 [main] INFO  base.BaseMethods - Hover over the element succes key : dropdown_company
2025-07-29 02:32:51 [main] INFO  base.BaseMethods - Element is present in the DOM. Key: btn_careers_link
2025-07-29 02:32:52 [main] INFO  base.BaseMethods - Scrolls to the element with animation success key : btn_careers_link
2025-07-29 02:32:52 [main] INFO  base.BaseMethods - Element visible key : btn_careers_link
2025-07-29 02:32:52 [main] INFO  base.BaseMethods - Element clickable key : btn_careers_link
2025-07-29 02:32:53 [main] INFO  base.BaseMethods - Click performed successfully on attempt: 1
2025-07-29 02:32:53 [main] INFO  base.BaseMethods - Element is present in the DOM. Key: conteiner_locetion
2025-07-29 02:32:53 [main] INFO  base.BaseMethods - Element visible key : conteiner_locetion
2025-07-29 02:32:53 [main] INFO  base.BaseMethods - Element is present in the DOM. Key: conteiner_teams
2025-07-29 02:32:53 [main] INFO  base.BaseMethods - Element visible key : conteiner_teams
2025-07-29 02:32:54 [main] INFO  base.BaseMethods - Element is present in the DOM. Key: swiper_lifeAtInsider
2025-07-29 02:32:54 [main] INFO  base.BaseMethods - Element visible key : swiper_lifeAtInsider
2025-07-29 02:32:54 [main] INFO  base.BaseMethods - Element is present in the DOM. Key: btn_see_all_teams
2025-07-29 02:32:56 [main] INFO  base.BaseMethods - Scrolls to the element with animation success key : btn_see_all_teams
2025-07-29 02:32:57 [main] INFO  base.BaseMethods - Element visible key : btn_see_all_teams
2025-07-29 02:32:57 [main] INFO  base.BaseMethods - Element clickable key : btn_see_all_teams
2025-07-29 02:32:57 [main] INFO  base.BaseMethods - Click performed successfully on attempt: 1
2025-07-29 02:32:57 [main] INFO  base.BaseMethods - Element is present in the DOM. Key: btn_team_quality_assurance
2025-07-29 02:33:00 [main] INFO  base.BaseMethods - Scrolls to the element with animation success key : btn_team_quality_assurance
2025-07-29 02:33:00 [main] INFO  base.BaseMethods - Element visible key : btn_team_quality_assurance
2025-07-29 02:33:00 [main] INFO  base.BaseMethods - Element clickable key : btn_team_quality_assurance
2025-07-29 02:33:01 [main] INFO  base.BaseMethods - Click performed successfully on attempt: 1
2025-07-29 02:33:01 [main] INFO  base.BaseMethods - Element is present in the DOM. Key: btn_see_all_qa_jobs
2025-07-29 02:33:04 [main] INFO  base.BaseMethods - Scrolls to the element with animation success key : btn_see_all_qa_jobs
2025-07-29 02:33:04 [main] INFO  base.BaseMethods - Element visible key : btn_see_all_qa_jobs
2025-07-29 02:33:04 [main] INFO  base.BaseMethods - Element clickable key : btn_see_all_qa_jobs
2025-07-29 02:33:05 [main] INFO  base.BaseMethods - Click performed successfully on attempt: 1
